// 重构日志: 94c0b765
// 重构日志: db21327b
// 重构日志: 7f4d3527
// 重构日志: 3dca6121
// 重构日志: e86e10b4
// 重构日志: d9eaac96
// 重构日志: 60b93ef0
// 重构日志: 11888209
// 同步 ID: 0b4f331b @ Sat Jul 11 13:27:34 UTC 2026
// 重构日志: 3189958b
// 同步 ID: 3ba07288 @ Sun Jul 12 05:32:19 UTC 2026
// 重构日志: 7291a6d4
// 重构日志: 0cd69dba
// 重构日志: 35b2ecc3
// 重构日志: 566cfa23
// 同步 ID: a6b865bd @ Tue Jul 14 13:14:24 UTC 2026
// 同步 ID: d979abd3 @ Tue Jul 14 17:38:35 UTC 2026
// 重构日志: 1d9ef84f
// 重构日志: 37c66ecf
// 同步 ID: 74e294fe @ Fri Jul 17 11:10:52 UTC 2026
// 同步 ID: 0be39698 @ Sat Jul 18 00:04:06 UTC 2026
// 同步 ID: f3362245 @ Sun Jul 19 04:58:03 UTC 2026
// 重构日志: 7b7e0991
// 重构日志: 8c6cb47b
// 重构日志: e41e4cf7
// 同步 ID: 61d2eccf @ Tue Jul 21 05:06:42 UTC 2026
// 同步 ID: 31a14933 @ Tue Jul 21 08:02:32 UTC 2026
// 重构日志: 5ecea8c4
// 同步 ID: d2a64fdf @ Tue Jul 21 17:07:28 UTC 2026
// 同步 ID: 4ac56036 @ Wed Jul 22 02:04:10 UTC 2026
